Directory contains: [|"./.DS_Store"; "./.out"; "./FSharpSpec-4.0-latest.pdf"; "./array2D.fsx";
  "./array2D.out"; "./array2dconcat.fsx"; "./array2dconcat.out";
  "./arrayCreation.fsx"; "./arrayCreation.out"; "./arrayJagged.fsx";
  "./arrayJagged.out"; "./arrayJaggedSquare.fsx"; "./arrayJaggedSquare.out";
  "./arrayReassign.fsx"; "./arrayReassign.out"; "./arrayReassignModule.fsx";
  "./arrayReassignModule.out"; "./arraySlicing.fsx"; "./arraySlicing.out";
  "./charToUpper.fsx"; "./charToUpper.out"; "./characterSets.rel";
  "./characterSets.tex"; "./extendedBackusNaurForm.pdf";
  "./extendedBackusNaurForm.tex"; "./filenamedialogue.fsx";
  "./filenamedialogue.out"; "./flowFor.fsx"; "./flowForLists.fsx";
  "./flowForListsIndex.fsx"; "./flowForListsIndexModule.fsx";
  "./flowForListsRecursive.fsx"; "./flowIfThen.fsx"; "./flowIfThenElse.fsx";
  "./flowIfThenElseNested.fsx"; "./flowIfThenElseNestedShort.fsx";
  "./flowWhile.fsx"; "./flowWhileRecursion.fsx"; "./fsharpNotes.aux";
  "./fsharpNotes.bbl"; "./fsharpNotes.blg"; "./fsharpNotes.idx";
  "./fsharpNotes.ilg"; "./fsharpNotes.ind"; "./fsharpNotes.log";
  "./fsharpNotes.out"; "./fsharpNotes.rel"; "./fsharpNotes.tex";
  "./fsharpNotes.toc"; "./fsx.out"; "./fsx2out";
  "./functionDeclarationAnonymous.fsx";
  "./functionDeclarationAnonymousAdvanced.fsx";
  "./functionDeclarationCurrying.fsx"; "./functionDeclarationGeneric.fsx";
  "./functionDeclarationMatchWith.fsx"; "./functionDeclarationMul.fsx";
  "./functionDeclarationTupleCurrying.fsx"; "./functions.tex";
  "./gettingStartedFsharp.aux"; "./gettingStartedFsharp.pdf";
  "./gettingStartedFsharp.tex"; "./gettingStartedStump.exe";
  "./gettingStartedStump.fs"; "./gettingStartedStump.fsx"; "./histogram.exe";
  "./histogram.fsx"; "./imperativeFsharp.pdf"; "./imperativeFsharp.rel";
  "./imperativeFsharp.tex"; "./iso-14977.pdf"; "./listings.pdf";
  "./mutableAssignIncrement.fsx"; "./mutableAssignIncrementEncapsulation.fsx";
  "./mutableAssignReassing.exe"; "./mutableAssignReassing.fsx";
  "./mutableAssignReassingShort.fsx"; "./mutableAssignReassingTypeError.fsx";
  "./mutableAssignReturnRefCell.fsx"; "./mutableAssignReturnSideEffect.fsx";
  "./mutableAssignReturnSideEffectStump.fsx"; "./mutableAssignReturnValue.fsx";
  "./mutableAssignReturnVariable.fsx";
  "./mutableAssignReturnWithoutSideEffect.fsx"; "./mutableAssignScope.fsx";
  "./numbers.tex"; "./p71-bemer.pdf"; "./quickGettingStarted.tex";
  "./quickStartDownCast.fsx"; "./quickStartGuide.aux"; "./quickStartGuide.tex";
  "./quickStartRebindError.fsx"; "./quickStartSum.fsx"; "./quickStartSum.out";
  "./quickStartSumFct.fsx"; "./quickStartSumFct.out"; "./quickStartSumFloat.fsx";
  "./quickStartSumFloat.out"; "./randomTextOrder0.exe"; "./randomTextOrder0.fsx";
  ...|]
Enter Filename: You typed: ./flowFor.fsx
