\BOOKMARK [0][-]{chapter.1}{Executing F\043 code}{}% 1
\BOOKMARK [1][-]{section.1.1}{Source code}{chapter.1}% 2
\BOOKMARK [1][-]{section.1.2}{Executing programs}{chapter.1}% 3
\BOOKMARK [0][-]{chapter.2}{Quick-start guide}{}% 4
\BOOKMARK [0][-]{chapter.3}{Numbers, Characters, and Strings}{}% 5
\BOOKMARK [1][-]{section.3.1}{Mutable Data}{chapter.3}% 6
\BOOKMARK [0][-]{chapter.4}{Functions and procedures}{}% 7
\BOOKMARK [1][-]{section.4.1}{Procedures}{chapter.4}% 8
\BOOKMARK [0][-]{chapter.5}{Controlling program flow}{}% 9
\BOOKMARK [1][-]{subsection.5.0.1}{Conditional expressions}{chapter.5}% 10
\BOOKMARK [2][-]{subsection.5.0.2}{For and while loops}{subsection.5.0.1}% 11
\BOOKMARK [0][-]{chapter.6}{Tuples, Lists, Arrays, and Sequences}{}% 12
\BOOKMARK [1][-]{section.6.1}{Tuples}{chapter.6}% 13
\BOOKMARK [1][-]{section.6.2}{Lists}{chapter.6}% 14
\BOOKMARK [1][-]{section.6.3}{Arrays}{chapter.6}% 15
\BOOKMARK [2][-]{subsection.6.3.1}{1 dimensional arrays}{section.6.3}% 16
\BOOKMARK [2][-]{subsection.6.3.2}{Multidimensional Arrays}{section.6.3}% 17
\BOOKMARK [1][-]{section.6.4}{Sequences}{chapter.6}% 18
\BOOKMARK [0][-]{chapter.7}{Exceptions}{}% 19
\BOOKMARK [1][-]{section.7.1}{Exception Handling}{chapter.7}% 20
\BOOKMARK [0][-]{chapter.8}{Testing programs}{}% 21
\BOOKMARK [0][-]{chapter.9}{The Collection}{}% 22
\BOOKMARK [1][-]{section.9.1}{Mutable Collections}{chapter.9}% 23
\BOOKMARK [2][-]{subsection.9.1.1}{Mutable lists}{section.9.1}% 24
\BOOKMARK [2][-]{subsection.9.1.2}{Stacks}{section.9.1}% 25
\BOOKMARK [2][-]{subsection.9.1.3}{Queues}{section.9.1}% 26
\BOOKMARK [2][-]{subsection.9.1.4}{Sets and dictionaries}{section.9.1}% 27
\BOOKMARK [0][-]{chapter.10}{Input/Output}{}% 28
\BOOKMARK [1][-]{section.10.1}{Console I/O}{chapter.10}% 29
\BOOKMARK [1][-]{section.10.2}{File I/O}{chapter.10}% 30
\BOOKMARK [0][-]{chapter.11}{Graphical User Interfaces}{}% 31
\BOOKMARK [0][-]{chapter.12}{Imperative programming}{}% 32
\BOOKMARK [1][-]{section.12.1}{Introduction}{chapter.12}% 33
\BOOKMARK [1][-]{section.12.2}{Generating random texts}{chapter.12}% 34
\BOOKMARK [2][-]{subsection.12.2.1}{0'th order statistics}{section.12.2}% 35
\BOOKMARK [2][-]{subsection.12.2.2}{1'th order statistics}{section.12.2}% 36
\BOOKMARK [0][-]{chapter.13}{Functional programming}{}% 37
\BOOKMARK [0][-]{chapter.14}{Object-oriented programming}{}% 38
\BOOKMARK [0][-]{appendix.A}{Number systems on the computer}{}% 39
\BOOKMARK [1][-]{section.A.1}{Binary numbers}{appendix.A}% 40
\BOOKMARK [1][-]{section.A.2}{IEEE 754 floating point standard}{appendix.A}% 41
\BOOKMARK [0][-]{appendix.B}{Commonly used character sets}{}% 42
\BOOKMARK [1][-]{section.B.1}{ASCII}{appendix.B}% 43
\BOOKMARK [1][-]{section.B.2}{ISO/IEC 8859}{appendix.B}% 44
\BOOKMARK [1][-]{section.B.3}{Unicode}{appendix.B}% 45
\BOOKMARK [0][-]{appendix.C}{A brief introduction to Extended Backus-Naur Form}{}% 46
\BOOKMARK [0][-]{lstnumber.-120.23}{Bibliography}{}% 47
\BOOKMARK [0][-]{appendix*.2}{Index}{}% 48
