Move: {X=22,Y=22}
Move: {X=22,Y=22}
Move: {X=50,Y=71}
Resize: {X=0,Y=0,Width=307,Height=290}
MouseDown: {X=144,Y=118}
MouseClick: {X=144,Y=118}
MouseUp: {X=144,Y=118}
MouseDown: {X=144,Y=118}
MouseUp: {X=144,Y=118}
MouseDown: {X=96,Y=66}
MouseMove: {X=96,Y=67}
MouseMove: {X=97,Y=69}
MouseMove: {X=99,Y=71}
MouseMove: {X=103,Y=74}
MouseMove: {X=107,Y=77}
MouseMove: {X=109,Y=79}
MouseMove: {X=112,Y=81}
MouseMove: {X=114,Y=82}
MouseMove: {X=116,Y=84}
MouseMove: {X=117,Y=85}
MouseMove: {X=118,Y=85}
MouseClick: {X=118,Y=85}
MouseUp: {X=118,Y=85}
KeyPress: "a"
KeyPress: "b"
KeyPress: "c"
