$ fsharpc --nologo chess.fs pieces.fs chessApp.fsx && mono chessApp.exe
 -------------------------------
|   |   |   |   |   |   |   |   |
 -------------------------------
|   |   |   |   |   |   |   |   |
 -------------------------------
|   |   |   |   |   |   |   |   |
 -------------------------------
|   | k |   |   |   |   |   |   |
 -------------------------------
|   |   |   |   |   |   |   |   |
 -------------------------------
|   |   |   |   |   |   |   |   |
 -------------------------------
|   | R |   |   |   |   |   |   |
 -------------------------------
| K |   |   |   |   |   |   |   |
 -------------------------------

K: Some (0, 0) ([(0, 1); (1, 0)], [R])
R: Some (1, 1) ([(2, 1); (3, 1); (0, 1); (1, 2); (1, 3); (1, 4); (1, 5); (1, 6); (1, 7); (1, 0)],
 [k])
k: Some (4, 1) ([(3, 1); (3, 2); (4, 2); (5, 2); (5, 1); (5, 0); (4, 0); (3, 0)], [])
 -------------------------------
|   |   |   |   |   |   |   |   |
 -------------------------------
|   |   |   |   |   |   |   |   |
 -------------------------------
|   |   |   |   |   |   |   |   |
 -------------------------------
|   | k |   |   |   |   |   |   |
 -------------------------------
|   | R |   |   |   |   |   |   |
 -------------------------------
|   |   |   |   |   |   |   |   |
 -------------------------------
|   |   |   |   |   |   |   |   |
 -------------------------------
| K |   |   |   |   |   |   |   |
 -------------------------------

K: Some (0, 0) ([(0, 1); (1, 1); (1, 0)], [])
R: Some (3, 1) ([(2, 1); (1, 1); (0, 1); (3, 2); (3, 3); (3, 4); (3, 5); (3, 6); (3, 7); (3, 0)],
 [k])
k: Some (4, 1) ([(3, 2); (4, 2); (5, 2); (5, 1); (5, 0); (4, 0); (3, 0)], [R])
