$ fsharpc --nologo histogram.fsx && mono histogram.exe

Unhandled Exception:
System.IO.FileNotFoundException: Could not find file "histogram0.fsx".
File name: 'histogram0.fsx'
  at System.IO.FileStream..ctor (System.String path, System.IO.FileMode mode, System.IO.FileAccess access, System.IO.FileShare share, System.Int32 bufferSize, System.Boolean anonymous, System.IO.FileOptions options) [0x0019c] in <c9f8153c41de4f8cbafd0e32f9bf6b28>:0 
  at System.IO.FileStream..ctor (System.String path, System.IO.FileMode mode, System.IO.FileAccess access, System.IO.FileShare share, System.Int32 bufferSize, System.IO.FileOptions options, System.String msgPath, System.Boolean bFromProxy, System.Boolean useLongPath, System.Boolean checkHost) [0x00000] in <c9f8153c41de4f8cbafd0e32f9bf6b28>:0 
  at (wrapper remoting-invoke-with-check) System.IO.FileStream:.ctor (string,System.IO.FileMode,System.IO.FileAccess,System.IO.FileShare,int,System.IO.FileOptions,string,bool,bool,bool)
  at System.IO.StreamReader..ctor (System.String path, System.Text.Encoding encoding, System.Boolean detectEncodingFromByteOrderMarks, System.Int32 bufferSize, System.Boolean checkHost) [0x00067] in <c9f8153c41de4f8cbafd0e32f9bf6b28>:0 
  at System.IO.StreamReader..ctor (System.String path, System.Text.Encoding encoding, System.Boolean detectEncodingFromByteOrderMarks, System.Int32 bufferSize) [0x00000] in <c9f8153c41de4f8cbafd0e32f9bf6b28>:0 
  at System.IO.StreamReader..ctor (System.String path, System.Boolean detectEncodingFromByteOrderMarks) [0x0000d] in <c9f8153c41de4f8cbafd0e32f9bf6b28>:0 
  at System.IO.StreamReader..ctor (System.String path) [0x00000] in <c9f8153c41de4f8cbafd0e32f9bf6b28>:0 
  at (wrapper remoting-invoke-with-check) System.IO.StreamReader:.ctor (string)
  at System.IO.File.OpenText (System.String path) [0x00000] in <c9f8153c41de4f8cbafd0e32f9bf6b28>:0 
  at <StartupCode$histogram>.$Histogram$fsx.main@ () [0x00000] in <5995755b8d36b197a74503835b759559>:0 
[ERROR] FATAL UNHANDLED EXCEPTION: System.IO.FileNotFoundException: Could not find file "histogram0.fsx".
File name: 'histogram0.fsx'
  at System.IO.FileStream..ctor (System.String path, System.IO.FileMode mode, System.IO.FileAccess access, System.IO.FileShare share, System.Int32 bufferSize, System.Boolean anonymous, System.IO.FileOptions options) [0x0019c] in <c9f8153c41de4f8cbafd0e32f9bf6b28>:0 
  at System.IO.FileStream..ctor (System.String path, System.IO.FileMode mode, System.IO.FileAccess access, System.IO.FileShare share, System.Int32 bufferSize, System.IO.FileOptions options, System.String msgPath, System.Boolean bFromProxy, System.Boolean useLongPath, System.Boolean checkHost) [0x00000] in <c9f8153c41de4f8cbafd0e32f9bf6b28>:0 
  at (wrapper remoting-invoke-with-check) System.IO.FileStream:.ctor (string,System.IO.FileMode,System.IO.FileAccess,System.IO.FileShare,int,System.IO.FileOptions,string,bool,bool,bool)
  at System.IO.StreamReader..ctor (System.String path, System.Text.Encoding encoding, System.Boolean detectEncodingFromByteOrderMarks, System.Int32 bufferSize, System.Boolean checkHost) [0x00067] in <c9f8153c41de4f8cbafd0e32f9bf6b28>:0 
  at System.IO.StreamReader..ctor (System.String path, System.Text.Encoding encoding, System.Boolean detectEncodingFromByteOrderMarks, System.Int32 bufferSize) [0x00000] in <c9f8153c41de4f8cbafd0e32f9bf6b28>:0 
  at System.IO.StreamReader..ctor (System.String path, System.Boolean detectEncodingFromByteOrderMarks) [0x0000d] in <c9f8153c41de4f8cbafd0e32f9bf6b28>:0 
  at System.IO.StreamReader..ctor (System.String path) [0x00000] in <c9f8153c41de4f8cbafd0e32f9bf6b28>:0 
  at (wrapper remoting-invoke-with-check) System.IO.StreamReader:.ctor (string)
  at System.IO.File.OpenText (System.String path) [0x00000] in <c9f8153c41de4f8cbafd0e32f9bf6b28>:0 
  at <StartupCode$histogram>.$Histogram$fsx.main@ () [0x00000] in <5995755b8d36b197a74503835b759559>:0 
