$ fsharpc --nologo randomTextOrder1.fsx && mono randomTextOrder1.exe
[|(32, 32, 63); (32, 33, 1); (32, 34, 4); (32, 35, 0); (32, 36, 0); (32, 37, 1);
  (32, 38, 1); (32, 39, 4); (32, 40, 26); (32, 41, 0); (32, 42, 0); (32, 43, 4);
  (32, 44, 0); (32, 45, 10); (32, 46, 0); (32, 47, 2); (32, 48, 5); (32, 49, 6);
  (32, 50, 1); (32, 51, 1); (32, 52, 0); (32, 53, 0); (32, 54, 0); (32, 55, 0);
  (32, 56, 0); (32, 57, 0); (32, 58, 5); (32, 59, 0); (32, 60, 4); (32, 61, 29);
  (32, 62, 2); (32, 63, 0); (32, 64, 0); (32, 65, 15); (32, 66, 0); (32, 67, 0);
  (32, 68, 0); (32, 69, 0); (32, 70, 0); (32, 71, 0); (32, 72, 0); (32, 73, 0);
  (32, 74, 0); (32, 75, 0); (32, 76, 0); (32, 77, 0); (32, 78, 0); (32, 79, 0);
  (32, 80, 0); (32, 81, 0); (32, 82, 0); (32, 83, 6); (32, 84, 0); (32, 85, 1);
  (32, 86, 0); (32, 87, 0); (32, 88, 0); (32, 89, 0); (32, 90, 0); (32, 91, 1);
  (32, 92, 0); (32, 93, 0); (32, 94, 0); (32, 95, 1); (32, 96, 0); (32, 97, 13);
  (32, 98, 0); (32, 99, 15); (32, 100, 1); (32, 101, 8); (32, 102, 6);
  (32, 103, 0); (32, 104, 18); (32, 105, 20); (32, 106, 0); (32, 107, 1);
  (32, 108, 11); (32, 109, 1); (32, 110, 7); (32, 111, 2); (32, 112, 2);
  (32, 113, 0); (32, 114, 12); (32, 115, 10); (32, 116, 7); (32, 117, 0);
  (32, 118, 9); (32, 119, 1); (32, 120, 0); (32, 121, 0); (32, 122, 1);
  (32, 123, 0); (32, 124, 1); (32, 125, 0); (32, 126, 0); (33, 32, 0);
  (33, 33, 2); (33, 34, 0); (33, 35, 0); (33, 36, 0); ...|]
8640 zeros out of 9025 elements
