> let a = System.Reflection.Assembly.LoadFrom @"/Library/Frameworks/Mono.framework/Versions/4.4.1/lib/mono/4.0-api/System.Windows.Forms.dll"
- let ts = a.GetExportedTypes ()
- let tm = ts |> Array.filter (fun t -> t.Namespace.StartsWith "System.Windows.Form")
- tm.[0].GetMethods ();;

val a : System.Reflection.Assembly =
  System.Windows.Forms, Version=4.0.0.0, Culture=neutral, PublicKeyToken=b77a5c561934e089
val ts : System.Type [] =
  [|System.Resources.ResXResourceReader; System.Resources.ResXResourceSet;
    System.Resources.ResXResourceWriter; System.Resources.ResXDataNode;
    System.Resources.ResXFileRef; System.Resources.ResXFileRef+Converter;
    System.Windows.Forms.Design.ComponentEditorForm;
    System.Windows.Forms.Design.ComponentEditorPage;
    System.Windows.Forms.Design.EventsTab;
    System.Windows.Forms.Design.IUIService;
    System.Windows.Forms.Design.IWindowsFormsEditorService;
    System.Windows.Forms.Design.PropertyTab;
    System.Windows.Forms.Design.ToolStripItemDesignerAvailability;
    System.Windows.Forms.Design.ToolStripItemDesignerAvailabilityAttribute;
    System.Windows.Forms.Design.WindowsFormsComponentEditor;
    System.Windows.Forms.PropertyGridInternal.PropertiesTab;
    System.Windows.Forms.AccessibleEvents;
    System.Windows.Forms.AccessibleNavigation;
    System.Windows.Forms.AccessibleObject; System.Windows.Forms.AccessibleRole;
    System.Windows.Forms.AccessibleSelection;
    System.Windows.Forms.AccessibleStates;
    System.Windows.Forms.AmbientProperties; System.Windows.Forms.AnchorStyles;
    System.Windows.Forms.Appearance; System.Windows.Forms.Application;
    System.Windows.Forms.Application+MessageLoopCallback;
    System.Windows.Forms.ApplicationContext;
    System.Windows.Forms.ArrangeDirection;
    System.Windows.Forms.ArrangeStartingPosition;
    System.Windows.Forms.ArrowDirection; System.Windows.Forms.AutoCompleteMode;
    System.Windows.Forms.AutoCompleteSource;
    System.Windows.Forms.AutoCompleteStringCollection;
    System.Windows.Forms.AutoScaleMode; System.Windows.Forms.AutoSizeMode;
    System.Windows.Forms.AutoValidate; System.Windows.Forms.AxHost;
    System.Windows.Forms.AxHost+ActiveXInvokeKind;
