["let rec readFile (stream : System.IO.StreamReader) =";
 "  if not(stream.EndOfStream) then";
 "    (stream.ReadLine ()) :: (readFile stream)"; "  else"; "    []"; "";
 "let rec writeFile (stream : System.IO.StreamWriter) text =";
 "  match text with"; "  | (l : string) :: ls ->"; "    stream.WriteLine l";
 "    writeFile stream ls"; "  | _ -> ()"; "";
 "let reverseString (s : string) =";
 "  System.String(Array.rev (s.ToCharArray()))"; "";
 "let inputStream = System.IO.File.OpenText "reverseFile.fsx"";
 "let text = readFile inputStream"; "inputStream.Close ()"; "printfn "%A" text";
 ""; "let reverseText = List.map reverseString (List.rev text)"; "";
 "let outputStream = System.IO.File.CreateText "xsf.eliFesrever"";
 "writeFile outputStream reverseText"; "outputStream.Close ()";
 "printfn "%A" reverseText"]
["txeTesrever "A%" nftnirp"; ")( esolC.maertStuptuo";
 "txeTesrever maertStuptuo eliFetirw";
 ""reverseFile.fsx" txeTetaerC.eliF.OI.metsyS = maertStuptuo tel"; "";
 ")txet ver.tsiL( gnirtSesrever pam.tsiL = txeTesrever tel"; "";
 "txet "A%" nftnirp"; ")( esolC.maertStupni"; "maertStupni eliFdaer = txet tel";
 ""xsf.eliFesrever" txeTnepO.eliF.OI.metsyS = maertStupni tel"; "";
 ")))(yarrArahCoT.s( ver.yarrA(gnirtS.metsyS  ";
 "= )gnirts : s( gnirtSesrever tel"; ""; ")( >- _ |  ";
 "sl maerts eliFetirw    "; "l eniLetirW.maerts    ";
 ">- sl :: )gnirts : l( |  "; "htiw txet hctam  ";
 "= txet )retirWmaertS.OI.metsyS : maerts( eliFetirw cer tel"; ""; "][    ";
 "esle  "; ")maerts eliFdaer( :: ))( eniLdaeR.maerts(    ";
 "neht )maertSfOdnE.maerts(ton fi  ";
 "= )redaeRmaertS.OI.metsyS : maerts( eliFdaer cer tel"]
